<?xml version="1.0" encoding="UTF-8"?>
<!-- Generated by org.testng.reporters.JUnitReportReporter -->
<testsuite hostname="EPINHYDW0886" failures="0" tests="4" name="calculator.CalculatorAssignment.AppTest" time="0.007" errors="0" timestamp="2021-04-14T12:14:55 IST" skipped="0">
  <testcase classname="calculator.CalculatorAssignment.AppTest" name="test3" time="0.000"/>
  <system-out/>
  <testcase classname="calculator.CalculatorAssignment.AppTest" name="test2" time="0.001"/>
  <system-out/>
  <testcase classname="calculator.CalculatorAssignment.AppTest" name="test1" time="0.005"/>
  <system-out/>
  <testcase classname="calculator.CalculatorAssignment.AppTest" name="test1" time="0.001"/>
  <system-out/>
</testsuite> <!-- calculator.CalculatorAssignment.AppTest -->
